[debug] [2021-08-11T16:06:52.042Z] ----------------------------------------------------------------------
[debug] [2021-08-11T16:06:52.045Z] Command:       C:\Users\jhiansen\DOWNLO~1\firebase-tools-instant-win.exe C:\Users\jhiansen\.cache\firebase\tools\lib\node_modules\firebase-tools\lib\bin\firebase emulators:start
[debug] [2021-08-11T16:06:52.045Z] CLI Version:   9.16.0
[debug] [2021-08-11T16:06:52.045Z] Platform:      win32
[debug] [2021-08-11T16:06:52.045Z] Node Version:  v12.18.1
[debug] [2021-08-11T16:06:52.046Z] Time:          Wed Aug 11 2021 12:06:52 GMT-0400 (Eastern Daylight Time)
[debug] [2021-08-11T16:06:52.046Z] ----------------------------------------------------------------------
[debug] 
[debug] [2021-08-11T16:06:52.100Z] Object ".emulators.functions" in "firebase.json" has unknown property: {"additionalProperty":"source"}
[debug] [2021-08-11T16:06:52.105Z] > command requires scopes: ["email","openid","https://www.googleapis.com/auth/cloudplatformprojects.readonly","https://www.googleapis.com/auth/firebase","https://www.googleapis.com/auth/cloud-platform"]
[debug] [2021-08-11T16:06:52.105Z] > authorizing via signed-in user (apiltgh@gmail.com)
[info] i  emulators: Starting emulators: auth, functions, firestore, database, hosting, pubsub {"metadata":{"emulator":{"name":"hub"},"message":"Starting emulators: auth, functions, firestore, database, hosting, pubsub"}}
[debug] [2021-08-11T16:06:53.129Z] [hub] writing locator at C:\Users\jhiansen\AppData\Local\Temp\hub-apil-experiments.json
[warn] !  functions: The following emulators are not running, calls to these services from the Functions emulator will affect production: storage {"metadata":{"emulator":{"name":"functions"},"message":"The following emulators are not running, calls to these services from the Functions emulator will affect production: \u001b[1mstorage\u001b[22m"}}
[info] i  emulators: Shutting down emulators. {"metadata":{"emulator":{"name":"hub"},"message":"Shutting down emulators."}}
[info] i  functions: Stopping Functions Emulator {"metadata":{"emulator":{"name":"functions"},"message":"Stopping Functions Emulator"}}
[info] i  hub: Stopping emulator hub {"metadata":{"emulator":{"name":"hub"},"message":"Stopping emulator hub"}}
[debug] [2021-08-11T16:06:54.216Z] Error: Cannot find module 'C:\Users\jhiansen\Documents\apil-experiments\functions.source\package.json'
Require stack:
- C:\Users\jhiansen\.cache\firebase\tools\lib\node_modules\firebase-tools\lib\emulator\functionsEmulator.js
- C:\Users\jhiansen\.cache\firebase\tools\lib\node_modules\firebase-tools\lib\emulator\controller.js
- C:\Users\jhiansen\.cache\firebase\tools\lib\node_modules\firebase-tools\lib\emulator\commandUtils.js
- C:\Users\jhiansen\.cache\firebase\tools\lib\node_modules\firebase-tools\lib\commands\database-get.js
- C:\Users\jhiansen\.cache\firebase\tools\lib\node_modules\firebase-tools\lib\commands\index.js
- C:\Users\jhiansen\.cache\firebase\tools\lib\node_modules\firebase-tools\lib\index.js
- C:\Users\jhiansen\.cache\firebase\tools\lib\node_modules\firebase-tools\lib\bin\firebase.js
    at Function.Module._resolveFilename (internal/modules/cjs/loader.js:964:15)
    at Function._resolveFilename (pkg/prelude/bootstrap.js:1459:46)
    at Function.Module._load (internal/modules/cjs/loader.js:840:27)
    at Module.require (internal/modules/cjs/loader.js:1024:19)
    at Module.require (pkg/prelude/bootstrap.js:1338:31)
    at require (internal/modules/cjs/helpers.js:72:18)
    at FunctionsEmulator.askInstallNodeVersion (C:\Users\jhiansen\.cache\firebase\tools\lib\node_modules\firebase-tools\lib\emulator\functionsEmulator.js:447:21)
    at FunctionsEmulator.start (C:\Users\jhiansen\.cache\firebase\tools\lib\node_modules\firebase-tools\lib\emulator\functionsEmulator.js:158:32)
    at Function.start (C:\Users\jhiansen\.cache\firebase\tools\lib\node_modules\firebase-tools\lib\emulator\registry.js:16:24)
    at startEmulator (C:\Users\jhiansen\.cache\firebase\tools\lib\node_modules\firebase-tools\lib\emulator\controller.js:90:39)
    at Object.startAll (C:\Users\jhiansen\.cache\firebase\tools\lib\node_modules\firebase-tools\lib\emulator\controller.js:273:15)
    at processTicksAndRejections (internal/process/task_queues.js:97:5)
    at async Command.actionFn (C:\Users\jhiansen\.cache\firebase\tools\lib\node_modules\firebase-tools\lib\commands\emulators-start.js:26:9)
[error] 
[error] Error: An unexpected error has occurred.
[debug] [2021-08-11T16:07:21.958Z] ----------------------------------------------------------------------
[debug] [2021-08-11T16:07:21.960Z] Command:       C:\Users\jhiansen\DOWNLO~1\firebase-tools-instant-win.exe C:\Users\jhiansen\.cache\firebase\tools\lib\node_modules\firebase-tools\lib\bin\firebase emulators:start
[debug] [2021-08-11T16:07:21.961Z] CLI Version:   9.16.0
[debug] [2021-08-11T16:07:21.961Z] Platform:      win32
[debug] [2021-08-11T16:07:21.961Z] Node Version:  v12.18.1
[debug] [2021-08-11T16:07:21.962Z] Time:          Wed Aug 11 2021 12:07:21 GMT-0400 (Eastern Daylight Time)
[debug] [2021-08-11T16:07:21.962Z] ----------------------------------------------------------------------
[debug] 
[debug] [2021-08-11T16:07:22.021Z] Object ".emulators.functions" in "firebase.json" has unknown property: {"additionalProperty":"source"}
[debug] [2021-08-11T16:07:22.026Z] > command requires scopes: ["email","openid","https://www.googleapis.com/auth/cloudplatformprojects.readonly","https://www.googleapis.com/auth/firebase","https://www.googleapis.com/auth/cloud-platform"]
[debug] [2021-08-11T16:07:22.026Z] > authorizing via signed-in user (apiltgh@gmail.com)
[info] i  emulators: Starting emulators: auth, functions, firestore, database, hosting, pubsub {"metadata":{"emulator":{"name":"hub"},"message":"Starting emulators: auth, functions, firestore, database, hosting, pubsub"}}
[debug] [2021-08-11T16:07:23.050Z] [hub] writing locator at C:\Users\jhiansen\AppData\Local\Temp\hub-apil-experiments.json
[warn] !  functions: The following emulators are not running, calls to these services from the Functions emulator will affect production: storage {"metadata":{"emulator":{"name":"functions"},"message":"The following emulators are not running, calls to these services from the Functions emulator will affect production: \u001b[1mstorage\u001b[22m"}}
[info] i  emulators: Shutting down emulators. {"metadata":{"emulator":{"name":"hub"},"message":"Shutting down emulators."}}
[info] i  functions: Stopping Functions Emulator {"metadata":{"emulator":{"name":"functions"},"message":"Stopping Functions Emulator"}}
[info] i  hub: Stopping emulator hub {"metadata":{"emulator":{"name":"hub"},"message":"Stopping emulator hub"}}
[debug] [2021-08-11T16:07:24.133Z] Error: Cannot find module 'C:\Users\jhiansen\Documents\apil-experiments\functions.source\package.json'
Require stack:
- C:\Users\jhiansen\.cache\firebase\tools\lib\node_modules\firebase-tools\lib\emulator\functionsEmulator.js
- C:\Users\jhiansen\.cache\firebase\tools\lib\node_modules\firebase-tools\lib\emulator\controller.js
- C:\Users\jhiansen\.cache\firebase\tools\lib\node_modules\firebase-tools\lib\emulator\commandUtils.js
- C:\Users\jhiansen\.cache\firebase\tools\lib\node_modules\firebase-tools\lib\commands\database-get.js
- C:\Users\jhiansen\.cache\firebase\tools\lib\node_modules\firebase-tools\lib\commands\index.js
- C:\Users\jhiansen\.cache\firebase\tools\lib\node_modules\firebase-tools\lib\index.js
- C:\Users\jhiansen\.cache\firebase\tools\lib\node_modules\firebase-tools\lib\bin\firebase.js
    at Function.Module._resolveFilename (internal/modules/cjs/loader.js:964:15)
    at Function._resolveFilename (pkg/prelude/bootstrap.js:1459:46)
    at Function.Module._load (internal/modules/cjs/loader.js:840:27)
    at Module.require (internal/modules/cjs/loader.js:1024:19)
    at Module.require (pkg/prelude/bootstrap.js:1338:31)
    at require (internal/modules/cjs/helpers.js:72:18)
    at FunctionsEmulator.askInstallNodeVersion (C:\Users\jhiansen\.cache\firebase\tools\lib\node_modules\firebase-tools\lib\emulator\functionsEmulator.js:447:21)
    at FunctionsEmulator.start (C:\Users\jhiansen\.cache\firebase\tools\lib\node_modules\firebase-tools\lib\emulator\functionsEmulator.js:158:32)
    at Function.start (C:\Users\jhiansen\.cache\firebase\tools\lib\node_modules\firebase-tools\lib\emulator\registry.js:16:24)
    at startEmulator (C:\Users\jhiansen\.cache\firebase\tools\lib\node_modules\firebase-tools\lib\emulator\controller.js:90:39)
    at Object.startAll (C:\Users\jhiansen\.cache\firebase\tools\lib\node_modules\firebase-tools\lib\emulator\controller.js:273:15)
    at processTicksAndRejections (internal/process/task_queues.js:97:5)
    at async Command.actionFn (C:\Users\jhiansen\.cache\firebase\tools\lib\node_modules\firebase-tools\lib\commands\emulators-start.js:26:9)
[error] 
[error] Error: An unexpected error has occurred.
[debug] [2021-08-11T16:07:58.679Z] ----------------------------------------------------------------------
[debug] [2021-08-11T16:07:58.682Z] Command:       C:\Users\jhiansen\DOWNLO~1\firebase-tools-instant-win.exe C:\Users\jhiansen\.cache\firebase\tools\lib\node_modules\firebase-tools\lib\bin\firebase emulators:start
[debug] [2021-08-11T16:07:58.682Z] CLI Version:   9.16.0
[debug] [2021-08-11T16:07:58.682Z] Platform:      win32
[debug] [2021-08-11T16:07:58.682Z] Node Version:  v12.18.1
[debug] [2021-08-11T16:07:58.683Z] Time:          Wed Aug 11 2021 12:07:58 GMT-0400 (Eastern Daylight Time)
[debug] [2021-08-11T16:07:58.684Z] ----------------------------------------------------------------------
[debug] 
[debug] [2021-08-11T16:07:58.739Z] Object ".emulators.functions" in "firebase.json" has unknown property: {"additionalProperty":"source"}
[debug] [2021-08-11T16:07:58.744Z] > command requires scopes: ["email","openid","https://www.googleapis.com/auth/cloudplatformprojects.readonly","https://www.googleapis.com/auth/firebase","https://www.googleapis.com/auth/cloud-platform"]
[debug] [2021-08-11T16:07:58.744Z] > authorizing via signed-in user (apiltgh@gmail.com)
[info] i  emulators: Starting emulators: auth, functions, firestore, database, hosting, pubsub {"metadata":{"emulator":{"name":"hub"},"message":"Starting emulators: auth, functions, firestore, database, hosting, pubsub"}}
[debug] [2021-08-11T16:07:59.766Z] [hub] writing locator at C:\Users\jhiansen\AppData\Local\Temp\hub-apil-experiments.json
[warn] !  functions: The functions emulator is configured but there is no functions source directory. Have you run firebase init functions? {"metadata":{"emulator":{"name":"functions"},"message":"The functions emulator is configured but there is no functions source directory. Have you run \u001b[1mfirebase init functions\u001b[22m?"}}
[warn] !  firestore: Did not find a Cloud Firestore rules file specified in a firebase.json config file. {"metadata":{"emulator":{"name":"firestore"},"message":"Did not find a Cloud Firestore rules file specified in a firebase.json config file."}}
[warn] !  firestore: The emulator will default to allowing all reads and writes. Learn more about this option: https://firebase.google.com/docs/emulator-suite/install_and_configure#security_rules_configuration. {"metadata":{"emulator":{"name":"firestore"},"message":"The emulator will default to allowing all reads and writes. Learn more about this option: https://firebase.google.com/docs/emulator-suite/install_and_configure#security_rules_configuration."}}
[debug] [2021-08-11T16:08:00.784Z] Ignoring unsupported arg: projectId {"metadata":{"emulator":{"name":"firestore"},"message":"Ignoring unsupported arg: projectId"}}
[debug] [2021-08-11T16:08:00.785Z] Ignoring unsupported arg: auto_download {"metadata":{"emulator":{"name":"firestore"},"message":"Ignoring unsupported arg: auto_download"}}
[debug] [2021-08-11T16:08:00.785Z] Starting Firestore Emulator with command {"binary":"java","args":["-Dgoogle.cloud_firestore.debug_log_level=FINE","-Duser.language=en","-jar","C:\\Users\\jhiansen\\.cache\\firebase\\emulators\\cloud-firestore-emulator-v1.13.1.jar","--host","localhost","--port",8080],"optionalArgs":["port","webchannel_port","host","rules","functions_emulator","seed_from_export"],"joinArgs":false} {"metadata":{"emulator":{"name":"firestore"},"message":"Starting Firestore Emulator with command {\"binary\":\"java\",\"args\":[\"-Dgoogle.cloud_firestore.debug_log_level=FINE\",\"-Duser.language=en\",\"-jar\",\"C:\\\\Users\\\\jhiansen\\\\.cache\\\\firebase\\\\emulators\\\\cloud-firestore-emulator-v1.13.1.jar\",\"--host\",\"localhost\",\"--port\",8080],\"optionalArgs\":[\"port\",\"webchannel_port\",\"host\",\"rules\",\"functions_emulator\",\"seed_from_export\"],\"joinArgs\":false}"}}
[info] i  firestore: Firestore Emulator logging to firestore-debug.log {"metadata":{"emulator":{"name":"firestore"},"message":"Firestore Emulator logging to \u001b[1mfirestore-debug.log\u001b[22m"}}
[debug] [2021-08-11T16:08:02.398Z] Aug 11, 2021 12:08:02 PM com.google.cloud.datastore.emulator.firestore.websocket.WebSocketServer start
INFO: Started WebSocket server on ws://localhost:60707
 {"metadata":{"emulator":{"name":"firestore"},"message":"Aug 11, 2021 12:08:02 PM com.google.cloud.datastore.emulator.firestore.websocket.WebSocketServer start\r\nINFO: Started WebSocket server on ws://localhost:60707\r\n"}}
[debug] [2021-08-11T16:08:02.438Z] API endpoint: http://localhost {"metadata":{"emulator":{"name":"firestore"},"message":"API endpoint: http://localhost"}}
[debug] [2021-08-11T16:08:02.439Z] :8080
If you are using a library that supports the FIRESTORE_EMULATOR_HOST environment variable, run:

   export FIRESTORE_EMULATOR_HOST=localhost:8080

Dev App Server is now running.

 {"metadata":{"emulator":{"name":"firestore"},"message":":8080\nIf you are using a library that supports the FIRESTORE_EMULATOR_HOST environment variable, run:\r\n\n   export FIRESTORE_EMULATOR_HOST=localhost:8080\n\nDev App Server is now running.\n\r\n"}}
[debug] [2021-08-11T16:08:03.564Z] >>> [apiv2][query] GET https://firebase.googleapis.com/v1beta1/projects/apil-experiments [none]
[debug] [2021-08-11T16:08:03.749Z] <<< [apiv2][status] GET https://firebase.googleapis.com/v1beta1/projects/apil-experiments 200
[debug] [2021-08-11T16:08:03.749Z] <<< [apiv2][body] GET https://firebase.googleapis.com/v1beta1/projects/apil-experiments {"projectId":"apil-experiments","projectNumber":"842257295791","displayName":"apil-experiments","name":"projects/apil-experiments","resources":{"hostingSite":"apil-experiments","storageBucket":"apil-experiments.appspot.com","locationId":"northamerica-northeast1"},"state":"ACTIVE"}
[debug] [2021-08-11T16:08:03.750Z] database rules config:  []
[warn] !  database: Did not find a Realtime Database rules file specified in a firebase.json config file. The emulator will default to allowing all reads and writes. Learn more about this option: https://firebase.google.com/docs/emulator-suite/install_and_configure#security_rules_configuration. {"metadata":{"emulator":{"name":"database"},"message":"Did not find a Realtime Database rules file specified in a firebase.json config file. The emulator will default to allowing all reads and writes. Learn more about this option: https://firebase.google.com/docs/emulator-suite/install_and_configure#security_rules_configuration."}}
[debug] [2021-08-11T16:08:03.753Z] Ignoring unsupported arg: projectId {"metadata":{"emulator":{"name":"database"},"message":"Ignoring unsupported arg: projectId"}}
[debug] [2021-08-11T16:08:03.753Z] Ignoring unsupported arg: auto_download {"metadata":{"emulator":{"name":"database"},"message":"Ignoring unsupported arg: auto_download"}}
[debug] [2021-08-11T16:08:03.753Z] Ignoring unsupported arg: rules {"metadata":{"emulator":{"name":"database"},"message":"Ignoring unsupported arg: rules"}}
[debug] [2021-08-11T16:08:03.753Z] Starting Database Emulator with command {"binary":"java","args":["-Duser.language=en","-jar","C:\\Users\\jhiansen\\.cache\\firebase\\emulators\\firebase-database-emulator-v4.7.2.jar","--host","localhost","--port",9000],"optionalArgs":["port","host","functions_emulator_port","functions_emulator_host"],"joinArgs":false} {"metadata":{"emulator":{"name":"database"},"message":"Starting Database Emulator with command {\"binary\":\"java\",\"args\":[\"-Duser.language=en\",\"-jar\",\"C:\\\\Users\\\\jhiansen\\\\.cache\\\\firebase\\\\emulators\\\\firebase-database-emulator-v4.7.2.jar\",\"--host\",\"localhost\",\"--port\",9000],\"optionalArgs\":[\"port\",\"host\",\"functions_emulator_port\",\"functions_emulator_host\"],\"joinArgs\":false}"}}
[info] i  database: Database Emulator logging to database-debug.log {"metadata":{"emulator":{"name":"database"},"message":"Database Emulator logging to \u001b[1mdatabase-debug.log\u001b[22m"}}
[debug] [2021-08-11T16:08:05.478Z] 12:08:05.475 [NamespaceSystem-akka.actor.default-dispatcher-5] INFO akka.event.slf4j.Slf4jLogger - Slf4jLogger started
 {"metadata":{"emulator":{"name":"database"},"message":"12:08:05.475 [NamespaceSystem-akka.actor.default-dispatcher-5] INFO akka.event.slf4j.Slf4jLogger - Slf4jLogger started\r\n"}}
[debug] [2021-08-11T16:08:05.670Z] 12:08:05.669 [main] INFO com.firebase.server.forge.App$ - Listening at localhost:9000
 {"metadata":{"emulator":{"name":"database"},"message":"12:08:05.669 [main] INFO com.firebase.server.forge.App$ - Listening at localhost:9000\r\n"}}
[debug] [2021-08-11T16:08:10.417Z] Ignoring unsupported arg: projectId {"metadata":{"emulator":{"name":"pubsub"},"message":"Ignoring unsupported arg: projectId"}}
[debug] [2021-08-11T16:08:10.417Z] Ignoring unsupported arg: auto_download {"metadata":{"emulator":{"name":"pubsub"},"message":"Ignoring unsupported arg: auto_download"}}
[debug] [2021-08-11T16:08:10.417Z] Starting Pub/Sub Emulator with command {"binary":"C:\\Users\\jhiansen\\.cache\\firebase\\emulators\\pubsub-emulator-0.1.0\\pubsub-emulator\\bin\\cloud-pubsub-emulator.bat","args":["--host=localhost","--port=8085"],"optionalArgs":["port","host"],"joinArgs":true} {"metadata":{"emulator":{"name":"pubsub"},"message":"Starting Pub/Sub Emulator with command {\"binary\":\"C:\\\\Users\\\\jhiansen\\\\.cache\\\\firebase\\\\emulators\\\\pubsub-emulator-0.1.0\\\\pubsub-emulator\\\\bin\\\\cloud-pubsub-emulator.bat\",\"args\":[\"--host=localhost\",\"--port=8085\"],\"optionalArgs\":[\"port\",\"host\"],\"joinArgs\":true}"}}
[info] i  pubsub: Pub/Sub Emulator logging to pubsub-debug.log {"metadata":{"emulator":{"name":"pubsub"},"message":"Pub/Sub Emulator logging to \u001b[1mpubsub-debug.log\u001b[22m"}}
[debug] [2021-08-11T16:08:13.185Z] >>> [apiv2][query] GET https://firebasehosting.googleapis.com/v1beta1/projects/apil-experiments/sites 
[debug] [2021-08-11T16:08:13.463Z] <<< [apiv2][status] GET https://firebasehosting.googleapis.com/v1beta1/projects/apil-experiments/sites 200
[debug] [2021-08-11T16:08:13.464Z] <<< [apiv2][body] GET https://firebasehosting.googleapis.com/v1beta1/projects/apil-experiments/sites {"sites":[{"name":"projects/842257295791/sites/apil-experiments","defaultUrl":"https://apil-experiments.web.app","appId":"1:842257295791:web:7a6a908456dfa97a89a75a","type":"DEFAULT_SITE"}]}
[debug] [2021-08-11T16:08:13.464Z] >>> [apiv2][query] GET https://firebase.googleapis.com/v1beta1/projects/apil-experiments/webApps/1:842257295791:web:7a6a908456dfa97a89a75a/config [none]
[debug] [2021-08-11T16:08:13.880Z] <<< [apiv2][status] GET https://firebase.googleapis.com/v1beta1/projects/apil-experiments/webApps/1:842257295791:web:7a6a908456dfa97a89a75a/config 200
[debug] [2021-08-11T16:08:13.880Z] <<< [apiv2][body] GET https://firebase.googleapis.com/v1beta1/projects/apil-experiments/webApps/1:842257295791:web:7a6a908456dfa97a89a75a/config {"projectId":"apil-experiments","appId":"1:842257295791:web:7a6a908456dfa97a89a75a","storageBucket":"apil-experiments.appspot.com","locationId":"northamerica-northeast1","apiKey":"AIzaSyA3inDvb7a8PfS2oh2zJWdZ5A6ceEPah5s","authDomain":"apil-experiments.firebaseapp.com","messagingSenderId":"842257295791","measurementId":"G-WG5B9MZGBE"}
[info] i  hosting: Serving hosting files from: public {"metadata":{"emulator":{"name":"hosting"},"message":"Serving hosting files from: \u001b[1mpublic\u001b[22m"}}
[info] +  hosting: Local server: http://localhost:5000 {"metadata":{"emulator":{"name":"hosting"},"message":"Local server: \u001b[4m\u001b[1mhttp://localhost:5000\u001b[22m\u001b[24m"}}
[debug] [2021-08-11T16:08:15.949Z] Ignoring unsupported arg: auto_download {"metadata":{"emulator":{"name":"ui"},"message":"Ignoring unsupported arg: auto_download"}}
[debug] [2021-08-11T16:08:15.949Z] Ignoring unsupported arg: port {"metadata":{"emulator":{"name":"ui"},"message":"Ignoring unsupported arg: port"}}
[debug] [2021-08-11T16:08:15.949Z] Starting Emulator UI with command {"binary":"node","args":["C:\\Users\\jhiansen\\.cache\\firebase\\emulators\\ui-v1.6.0\\server.bundle.js"],"optionalArgs":[],"joinArgs":false} {"metadata":{"emulator":{"name":"ui"},"message":"Starting Emulator UI with command {\"binary\":\"node\",\"args\":[\"C:\\\\Users\\\\jhiansen\\\\.cache\\\\firebase\\\\emulators\\\\ui-v1.6.0\\\\server.bundle.js\"],\"optionalArgs\":[],\"joinArgs\":false}"}}
[info] i  ui: Emulator UI logging to ui-debug.log {"metadata":{"emulator":{"name":"ui"},"message":"Emulator UI logging to \u001b[1mui-debug.log\u001b[22m"}}
[debug] [2021-08-11T16:08:16.399Z] Web / API server started at localhost:4000
 {"metadata":{"emulator":{"name":"ui"},"message":"Web / API server started at localhost:4000\n"}}
[info] 
┌─────────────────────────────────────────────────────────────┐
│ ✔  All emulators ready! It is now safe to connect your app. │
│ i  View Emulator UI at http://localhost:4000                │
└─────────────────────────────────────────────────────────────┘

┌────────────────┬──────────────────────────────────┬─────────────────────────────────┐
│ Emulator       │ Host:Port                        │ View in Emulator UI             │
├────────────────┼──────────────────────────────────┼─────────────────────────────────┤
│ Authentication │ localhost:9099                   │ http://localhost:4000/auth      │
├────────────────┼──────────────────────────────────┼─────────────────────────────────┤
│ Functions      │ Failed to initialize (see above) │                                 │
├────────────────┼──────────────────────────────────┼─────────────────────────────────┤
│ Firestore      │ localhost:8080                   │ http://localhost:4000/firestore │
├────────────────┼──────────────────────────────────┼─────────────────────────────────┤
│ Database       │ localhost:9000                   │ http://localhost:4000/database  │
├────────────────┼──────────────────────────────────┼─────────────────────────────────┤
│ Hosting        │ localhost:5000                   │ n/a                             │
├────────────────┼──────────────────────────────────┼─────────────────────────────────┤
│ Pub/Sub        │ localhost:8085                   │ n/a                             │
└────────────────┴──────────────────────────────────┴─────────────────────────────────┘
  Emulator Hub running at localhost:4400
  Other reserved ports: 4500

Issues? Report them at https://github.com/firebase/firebase-tools/issues and attach the *-debug.log files.
 
[debug] [2021-08-11T16:09:54.557Z] Aug 11, 2021 12:09:54 PM io.gapi.emulators.netty.HttpVersionRoutingHandler channelRead
INFO: Detected non-HTTP/2 connection.
 {"metadata":{"emulator":{"name":"firestore"},"message":"Aug 11, 2021 12:09:54 PM io.gapi.emulators.netty.HttpVersionRoutingHandler channelRead\r\nINFO: Detected non-HTTP/2 connection.\r\n"}}
[debug] [2021-08-11T16:09:54.921Z] Aug 11, 2021 12:09:54 PM com.google.cloud.datastore.emulator.firestore.websocket.WebSocketChannelHandler initChannel
INFO: Connected to new websocket client
 {"metadata":{"emulator":{"name":"firestore"},"message":"Aug 11, 2021 12:09:54 PM com.google.cloud.datastore.emulator.firestore.websocket.WebSocketChannelHandler initChannel\r\nINFO: Connected to new websocket client\r\n"}}
[debug] [2021-08-11T16:10:31.519Z] Aug 11, 2021 12:10:31 PM io.gapi.emulators.netty.HttpVersionRoutingHandler channelRead
INFO: Detected non-HTTP/2 connection.
 {"metadata":{"emulator":{"name":"firestore"},"message":"Aug 11, 2021 12:10:31 PM io.gapi.emulators.netty.HttpVersionRoutingHandler channelRead\r\nINFO: Detected non-HTTP/2 connection.\r\n"}}
[debug] [2021-08-11T16:10:33.653Z] Aug 11, 2021 12:10:33 PM io.gapi.emulators.netty.HttpVersionRoutingHandler channelRead
INFO: Detected non-HTTP/2 connection.
 {"metadata":{"emulator":{"name":"firestore"},"message":"Aug 11, 2021 12:10:33 PM io.gapi.emulators.netty.HttpVersionRoutingHandler channelRead\r\nINFO: Detected non-HTTP/2 connection.\r\n"}}
[debug] [2021-08-11T16:10:35.666Z] Aug 11, 2021 12:10:35 PM io.gapi.emulators.netty.HttpVersionRoutingHandler channelRead
INFO: Detected non-HTTP/2 connection.
 {"metadata":{"emulator":{"name":"firestore"},"message":"Aug 11, 2021 12:10:35 PM io.gapi.emulators.netty.HttpVersionRoutingHandler channelRead\r\nINFO: Detected non-HTTP/2 connection.\r\n"}}
[debug] [2021-08-11T16:10:37.287Z] Aug 11, 2021 12:10:37 PM com.google.cloud.datastore.emulator.firestore.websocket.WebSocketChannelHandler channelClosed
INFO: Websocket client disconnected
 {"metadata":{"emulator":{"name":"firestore"},"message":"Aug 11, 2021 12:10:37 PM com.google.cloud.datastore.emulator.firestore.websocket.WebSocketChannelHandler channelClosed\r\nINFO: Websocket client disconnected\r\n"}}
[info] i  hosting: 127.0.0.1 - - [11/Aug/2021:16:10:58 +0000] "GET / HTTP/1.1" 200 710 "-" "Mozilla/5.0 (Windows NT 6.1; Win64; x64) AppleWebKit/537.36 (KHTML, like Gecko) Chrome/92.0.4515.131 Safari/537.36" {"metadata":{"emulator":{"name":"hosting"},"message":"127.0.0.1 - - [11/Aug/2021:16:10:58 +0000] \"GET / HTTP/1.1\" 200 710 \"-\" \"Mozilla/5.0 (Windows NT 6.1; Win64; x64) AppleWebKit/537.36 (KHTML, like Gecko) Chrome/92.0.4515.131 Safari/537.36\""}}
[info] i  hosting: 127.0.0.1 - - [11/Aug/2021:16:10:58 +0000] "GET /global.css HTTP/1.1" 200 2393 "http://localhost:5000/" "Mozilla/5.0 (Windows NT 6.1; Win64; x64) AppleWebKit/537.36 (KHTML, like Gecko) Chrome/92.0.4515.131 Safari/537.36" {"metadata":{"emulator":{"name":"hosting"},"message":"127.0.0.1 - - [11/Aug/2021:16:10:58 +0000] \"GET /global.css HTTP/1.1\" 200 2393 \"http://localhost:5000/\" \"Mozilla/5.0 (Windows NT 6.1; Win64; x64) AppleWebKit/537.36 (KHTML, like Gecko) Chrome/92.0.4515.131 Safari/537.36\""}}
[info] i  hosting: 127.0.0.1 - - [11/Aug/2021:16:10:58 +0000] "GET /build/bundle.css HTTP/1.1" 200 710 "http://localhost:5000/" "Mozilla/5.0 (Windows NT 6.1; Win64; x64) AppleWebKit/537.36 (KHTML, like Gecko) Chrome/92.0.4515.131 Safari/537.36" {"metadata":{"emulator":{"name":"hosting"},"message":"127.0.0.1 - - [11/Aug/2021:16:10:58 +0000] \"GET /build/bundle.css HTTP/1.1\" 200 710 \"http://localhost:5000/\" \"Mozilla/5.0 (Windows NT 6.1; Win64; x64) AppleWebKit/537.36 (KHTML, like Gecko) Chrome/92.0.4515.131 Safari/537.36\""}}
[info] i  hosting: 127.0.0.1 - - [11/Aug/2021:16:10:58 +0000] "GET /build/bundle.js HTTP/1.1" 200 710 "http://localhost:5000/" "Mozilla/5.0 (Windows NT 6.1; Win64; x64) AppleWebKit/537.36 (KHTML, like Gecko) Chrome/92.0.4515.131 Safari/537.36" {"metadata":{"emulator":{"name":"hosting"},"message":"127.0.0.1 - - [11/Aug/2021:16:10:58 +0000] \"GET /build/bundle.js HTTP/1.1\" 200 710 \"http://localhost:5000/\" \"Mozilla/5.0 (Windows NT 6.1; Win64; x64) AppleWebKit/537.36 (KHTML, like Gecko) Chrome/92.0.4515.131 Safari/537.36\""}}
[info] i  hosting: 127.0.0.1 - - [11/Aug/2021:16:10:58 +0000] "GET /favicon-32x32.png HTTP/1.1" 200 1695 "http://localhost:5000/" "Mozilla/5.0 (Windows NT 6.1; Win64; x64) AppleWebKit/537.36 (KHTML, like Gecko) Chrome/92.0.4515.131 Safari/537.36" {"metadata":{"emulator":{"name":"hosting"},"message":"127.0.0.1 - - [11/Aug/2021:16:10:58 +0000] \"GET /favicon-32x32.png HTTP/1.1\" 200 1695 \"http://localhost:5000/\" \"Mozilla/5.0 (Windows NT 6.1; Win64; x64) AppleWebKit/537.36 (KHTML, like Gecko) Chrome/92.0.4515.131 Safari/537.36\""}}
[info] i  hosting: 127.0.0.1 - - [11/Aug/2021:16:11:01 +0000] "GET / HTTP/1.1" 200 710 "-" "Mozilla/5.0 (Windows NT 6.1; Win64; x64) AppleWebKit/537.36 (KHTML, like Gecko) Chrome/92.0.4515.131 Safari/537.36" {"metadata":{"emulator":{"name":"hosting"},"message":"127.0.0.1 - - [11/Aug/2021:16:11:01 +0000] \"GET / HTTP/1.1\" 200 710 \"-\" \"Mozilla/5.0 (Windows NT 6.1; Win64; x64) AppleWebKit/537.36 (KHTML, like Gecko) Chrome/92.0.4515.131 Safari/537.36\""}}
[info] i  hosting: 127.0.0.1 - - [11/Aug/2021:16:11:01 +0000] "GET /favicon-32x32.png HTTP/1.1" 200 1695 "http://localhost:5000/" "Mozilla/5.0 (Windows NT 6.1; Win64; x64) AppleWebKit/537.36 (KHTML, like Gecko) Chrome/92.0.4515.131 Safari/537.36" {"metadata":{"emulator":{"name":"hosting"},"message":"127.0.0.1 - - [11/Aug/2021:16:11:01 +0000] \"GET /favicon-32x32.png HTTP/1.1\" 200 1695 \"http://localhost:5000/\" \"Mozilla/5.0 (Windows NT 6.1; Win64; x64) AppleWebKit/537.36 (KHTML, like Gecko) Chrome/92.0.4515.131 Safari/537.36\""}}
[info] i  hosting: 127.0.0.1 - - [11/Aug/2021:16:11:02 +0000] "GET / HTTP/1.1" 200 710 "-" "Mozilla/5.0 (Windows NT 6.1; Win64; x64) AppleWebKit/537.36 (KHTML, like Gecko) Chrome/92.0.4515.131 Safari/537.36" {"metadata":{"emulator":{"name":"hosting"},"message":"127.0.0.1 - - [11/Aug/2021:16:11:02 +0000] \"GET / HTTP/1.1\" 200 710 \"-\" \"Mozilla/5.0 (Windows NT 6.1; Win64; x64) AppleWebKit/537.36 (KHTML, like Gecko) Chrome/92.0.4515.131 Safari/537.36\""}}
[info] i  hosting: 127.0.0.1 - - [11/Aug/2021:16:11:02 +0000] "GET /favicon-32x32.png HTTP/1.1" 200 1695 "http://localhost:5000/" "Mozilla/5.0 (Windows NT 6.1; Win64; x64) AppleWebKit/537.36 (KHTML, like Gecko) Chrome/92.0.4515.131 Safari/537.36" {"metadata":{"emulator":{"name":"hosting"},"message":"127.0.0.1 - - [11/Aug/2021:16:11:02 +0000] \"GET /favicon-32x32.png HTTP/1.1\" 200 1695 \"http://localhost:5000/\" \"Mozilla/5.0 (Windows NT 6.1; Win64; x64) AppleWebKit/537.36 (KHTML, like Gecko) Chrome/92.0.4515.131 Safari/537.36\""}}
[debug] [2021-08-11T17:53:04.053Z] ^C {"metadata":{"emulator":{"name":"pubsub"},"message":"^C"}}
[debug] [2021-08-11T17:53:04.054Z] Terminate batch job (Y/N)? 
 {"metadata":{"emulator":{"name":"pubsub"},"message":"Terminate batch job (Y/N)? \r\n"}}
[warn] !  pubsub: Fatal error occurred: 
   Pub/Sub Emulator has exited with code: 1, 
   stopping all running emulators {"metadata":{"emulator":{"name":"pubsub"},"message":"Fatal error occurred: \n   Pub/Sub Emulator has exited with code: 1, \n   stopping all running emulators"}}
[info] i  ui: Stopping Emulator UI {"metadata":{"emulator":{"name":"ui"},"message":"Stopping Emulator UI"}}
[warn] !  Emulator UI has exited upon receiving signal: SIGINT 
[info] i  hosting: Stopping Hosting Emulator {"metadata":{"emulator":{"name":"hosting"},"message":"Stopping Hosting Emulator"}}
[info] i  database: Stopping Database Emulator {"metadata":{"emulator":{"name":"database"},"message":"Stopping Database Emulator"}}
[warn] !  Database Emulator has exited upon receiving signal: SIGINT 
[info] i  firestore: Stopping Firestore Emulator {"metadata":{"emulator":{"name":"firestore"},"message":"Stopping Firestore Emulator"}}
[warn] !  Firestore Emulator has exited upon receiving signal: SIGINT 
[info] i  pubsub: Stopping Pub/Sub Emulator {"metadata":{"emulator":{"name":"pubsub"},"message":"Stopping Pub/Sub Emulator"}}
[debug] [2021-08-11T17:53:06.951Z] Received signal SIGINT (Ctrl-C) 1
[debug] [2021-08-11T18:14:48.561Z] ----------------------------------------------------------------------
[debug] [2021-08-11T18:14:48.563Z] Command:       C:\Users\jhiansen\DOWNLO~1\firebase-tools-instant-win.exe C:\Users\jhiansen\.cache\firebase\tools\lib\node_modules\firebase-tools\lib\bin\firebase serve
[debug] [2021-08-11T18:14:48.563Z] CLI Version:   9.16.0
[debug] [2021-08-11T18:14:48.563Z] Platform:      win32
[debug] [2021-08-11T18:14:48.564Z] Node Version:  v12.18.1
[debug] [2021-08-11T18:14:48.565Z] Time:          Wed Aug 11 2021 14:14:48 GMT-0400 (Eastern Daylight Time)
[debug] [2021-08-11T18:14:48.565Z] ----------------------------------------------------------------------
[debug] 
[debug] [2021-08-11T18:14:48.620Z] Object ".emulators.functions" in "firebase.json" has unknown property: {"additionalProperty":"source"}
[debug] [2021-08-11T18:14:48.626Z] > command requires scopes: ["email","openid","https://www.googleapis.com/auth/cloudplatformprojects.readonly","https://www.googleapis.com/auth/firebase","https://www.googleapis.com/auth/cloud-platform"]
[debug] [2021-08-11T18:14:48.626Z] > authorizing via signed-in user (apiltgh@gmail.com)
[debug] [2021-08-11T18:14:48.626Z] [iam] checking project apil-experiments for permissions ["firebase.projects.get"]
[debug] [2021-08-11T18:14:48.629Z] > refreshing access token with scopes: ["email","https://www.googleapis.com/auth/cloud-platform","https://www.googleapis.com/auth/cloudplatformprojects.readonly","https://www.googleapis.com/auth/firebase","openid"]
[debug] [2021-08-11T18:14:48.629Z] >>> HTTP REQUEST POST https://www.googleapis.com/oauth2/v3/token  
 <request body omitted>
[debug] [2021-08-11T18:14:48.742Z] <<< HTTP RESPONSE 200 {"expires":"Mon, 01 Jan 1990 00:00:00 GMT","pragma":"no-cache","date":"Wed, 11 Aug 2021 18:14:48 GMT","cache-control":"no-cache, no-store, max-age=0, must-revalidate","content-type":"application/json; charset=utf-8","vary":"X-Origin, Referer, Origin,Accept-Encoding","server":"scaffolding on HTTPServer2","x-xss-protection":"0","x-frame-options":"SAMEORIGIN","x-content-type-options":"nosniff","alt-svc":"h3=\":443\"; ma=2592000,h3-29=\":443\"; ma=2592000,h3-T051=\":443\"; ma=2592000,h3-Q050=\":443\"; ma=2592000,h3-Q046=\":443\"; ma=2592000,h3-Q043=\":443\"; ma=2592000,quic=\":443\"; ma=2592000; v=\"46,43\"","accept-ranges":"none","transfer-encoding":"chunked"}
[debug] [2021-08-11T18:14:48.755Z] >>> HTTP REQUEST POST https://cloudresourcemanager.googleapis.com/v1/projects/apil-experiments:testIamPermissions  
 {"permissions":["firebase.projects.get"]}
[debug] [2021-08-11T18:14:48.949Z] <<< HTTP RESPONSE 200 {"content-type":"application/json; charset=UTF-8","vary":"X-Origin, Referer, Origin,Accept-Encoding","date":"Wed, 11 Aug 2021 18:14:48 GMT","server":"ESF","cache-control":"private","x-xss-protection":"0","x-frame-options":"SAMEORIGIN","x-content-type-options":"nosniff","server-timing":"gfet4t7; dur=162","alt-svc":"h3=\":443\"; ma=2592000,h3-29=\":443\"; ma=2592000,h3-T051=\":443\"; ma=2592000,h3-Q050=\":443\"; ma=2592000,h3-Q046=\":443\"; ma=2592000,h3-Q043=\":443\"; ma=2592000,quic=\":443\"; ma=2592000; v=\"46,43\"","accept-ranges":"none","transfer-encoding":"chunked"}
[debug] [2021-08-11T18:14:48.950Z] > refreshing access token with scopes: []
[debug] [2021-08-11T18:14:48.950Z] >>> HTTP REQUEST POST https://www.googleapis.com/oauth2/v3/token  
 <request body omitted>
[debug] [2021-08-11T18:14:49.034Z] <<< HTTP RESPONSE 200 {"pragma":"no-cache","cache-control":"no-cache, no-store, max-age=0, must-revalidate","expires":"Mon, 01 Jan 1990 00:00:00 GMT","date":"Wed, 11 Aug 2021 18:14:48 GMT","content-type":"application/json; charset=utf-8","vary":"X-Origin, Referer, Origin,Accept-Encoding","server":"scaffolding on HTTPServer2","x-xss-protection":"0","x-frame-options":"SAMEORIGIN","x-content-type-options":"nosniff","alt-svc":"h3=\":443\"; ma=2592000,h3-29=\":443\"; ma=2592000,h3-T051=\":443\"; ma=2592000,h3-Q050=\":443\"; ma=2592000,h3-Q046=\":443\"; ma=2592000,h3-Q043=\":443\"; ma=2592000,quic=\":443\"; ma=2592000; v=\"46,43\"","accept-ranges":"none","transfer-encoding":"chunked"}
[debug] [2021-08-11T18:14:49.051Z] >>> [apiv2][query] GET https://firebase.googleapis.com/v1beta1/projects/apil-experiments [none]
[debug] [2021-08-11T18:14:49.337Z] <<< [apiv2][status] GET https://firebase.googleapis.com/v1beta1/projects/apil-experiments 200
[debug] [2021-08-11T18:14:49.337Z] <<< [apiv2][body] GET https://firebase.googleapis.com/v1beta1/projects/apil-experiments {"projectId":"apil-experiments","projectNumber":"842257295791","displayName":"apil-experiments","name":"projects/apil-experiments","resources":{"hostingSite":"apil-experiments","storageBucket":"apil-experiments.appspot.com","locationId":"northamerica-northeast1"},"state":"ACTIVE"}
[info] 
[info] === Serving from 'C:\Users\jhiansen\Documents\apil-experiments'...
[info] 
[debug] [2021-08-11T18:14:49.340Z] >>> [apiv2][query] GET https://firebasehosting.googleapis.com/v1beta1/projects/apil-experiments/sites 
[debug] [2021-08-11T18:14:49.583Z] <<< [apiv2][status] GET https://firebasehosting.googleapis.com/v1beta1/projects/apil-experiments/sites 200
[debug] [2021-08-11T18:14:49.583Z] <<< [apiv2][body] GET https://firebasehosting.googleapis.com/v1beta1/projects/apil-experiments/sites {"sites":[{"name":"projects/842257295791/sites/apil-experiments","defaultUrl":"https://apil-experiments.web.app","appId":"1:842257295791:web:7a6a908456dfa97a89a75a","type":"DEFAULT_SITE"}]}
[debug] [2021-08-11T18:14:49.583Z] >>> [apiv2][query] GET https://firebase.googleapis.com/v1beta1/projects/apil-experiments/webApps/1:842257295791:web:7a6a908456dfa97a89a75a/config [none]
[debug] [2021-08-11T18:14:49.971Z] <<< [apiv2][status] GET https://firebase.googleapis.com/v1beta1/projects/apil-experiments/webApps/1:842257295791:web:7a6a908456dfa97a89a75a/config 200
[debug] [2021-08-11T18:14:49.971Z] <<< [apiv2][body] GET https://firebase.googleapis.com/v1beta1/projects/apil-experiments/webApps/1:842257295791:web:7a6a908456dfa97a89a75a/config {"projectId":"apil-experiments","appId":"1:842257295791:web:7a6a908456dfa97a89a75a","storageBucket":"apil-experiments.appspot.com","locationId":"northamerica-northeast1","apiKey":"AIzaSyA3inDvb7a8PfS2oh2zJWdZ5A6ceEPah5s","authDomain":"apil-experiments.firebaseapp.com","messagingSenderId":"842257295791","measurementId":"G-WG5B9MZGBE"}
[info] i  hosting: Serving hosting files from: public {"metadata":{"emulator":{"name":"hosting"},"message":"Serving hosting files from: \u001b[1mpublic\u001b[22m"}}
[info] +  hosting: Local server: http://localhost:5000 {"metadata":{"emulator":{"name":"hosting"},"message":"Local server: \u001b[4m\u001b[1mhttp://localhost:5000\u001b[22m\u001b[24m"}}
[info] i  hosting: 127.0.0.1 - - [11/Aug/2021:18:14:55 +0000] "GET / HTTP/1.1" 200 710 "-" "Mozilla/5.0 (Windows NT 6.1; Win64; x64) AppleWebKit/537.36 (KHTML, like Gecko) Chrome/92.0.4515.131 Safari/537.36" {"metadata":{"emulator":{"name":"hosting"},"message":"127.0.0.1 - - [11/Aug/2021:18:14:55 +0000] \"GET / HTTP/1.1\" 200 710 \"-\" \"Mozilla/5.0 (Windows NT 6.1; Win64; x64) AppleWebKit/537.36 (KHTML, like Gecko) Chrome/92.0.4515.131 Safari/537.36\""}}
[info] i  hosting: 127.0.0.1 - - [11/Aug/2021:18:14:55 +0000] "GET /global.css HTTP/1.1" 200 2393 "http://localhost:5000/" "Mozilla/5.0 (Windows NT 6.1; Win64; x64) AppleWebKit/537.36 (KHTML, like Gecko) Chrome/92.0.4515.131 Safari/537.36" {"metadata":{"emulator":{"name":"hosting"},"message":"127.0.0.1 - - [11/Aug/2021:18:14:55 +0000] \"GET /global.css HTTP/1.1\" 200 2393 \"http://localhost:5000/\" \"Mozilla/5.0 (Windows NT 6.1; Win64; x64) AppleWebKit/537.36 (KHTML, like Gecko) Chrome/92.0.4515.131 Safari/537.36\""}}
[info] i  hosting: 127.0.0.1 - - [11/Aug/2021:18:14:55 +0000] "GET /favicon-32x32.png HTTP/1.1" 200 1695 "http://localhost:5000/" "Mozilla/5.0 (Windows NT 6.1; Win64; x64) AppleWebKit/537.36 (KHTML, like Gecko) Chrome/92.0.4515.131 Safari/537.36" {"metadata":{"emulator":{"name":"hosting"},"message":"127.0.0.1 - - [11/Aug/2021:18:14:55 +0000] \"GET /favicon-32x32.png HTTP/1.1\" 200 1695 \"http://localhost:5000/\" \"Mozilla/5.0 (Windows NT 6.1; Win64; x64) AppleWebKit/537.36 (KHTML, like Gecko) Chrome/92.0.4515.131 Safari/537.36\""}}
[info] i  hosting: 127.0.0.1 - - [11/Aug/2021:18:14:57 +0000] "GET / HTTP/1.1" 200 710 "-" "Mozilla/5.0 (Windows NT 6.1; Win64; x64) AppleWebKit/537.36 (KHTML, like Gecko) Chrome/92.0.4515.131 Safari/537.36" {"metadata":{"emulator":{"name":"hosting"},"message":"127.0.0.1 - - [11/Aug/2021:18:14:57 +0000] \"GET / HTTP/1.1\" 200 710 \"-\" \"Mozilla/5.0 (Windows NT 6.1; Win64; x64) AppleWebKit/537.36 (KHTML, like Gecko) Chrome/92.0.4515.131 Safari/537.36\""}}
[info] i  hosting: 127.0.0.1 - - [11/Aug/2021:18:14:57 +0000] "GET /favicon-32x32.png HTTP/1.1" 200 1695 "http://localhost:5000/" "Mozilla/5.0 (Windows NT 6.1; Win64; x64) AppleWebKit/537.36 (KHTML, like Gecko) Chrome/92.0.4515.131 Safari/537.36" {"metadata":{"emulator":{"name":"hosting"},"message":"127.0.0.1 - - [11/Aug/2021:18:14:57 +0000] \"GET /favicon-32x32.png HTTP/1.1\" 200 1695 \"http://localhost:5000/\" \"Mozilla/5.0 (Windows NT 6.1; Win64; x64) AppleWebKit/537.36 (KHTML, like Gecko) Chrome/92.0.4515.131 Safari/537.36\""}}
[info] i  hosting: 127.0.0.1 - - [11/Aug/2021:18:14:58 +0000] "GET / HTTP/1.1" 200 710 "-" "Mozilla/5.0 (Windows NT 6.1; Win64; x64) AppleWebKit/537.36 (KHTML, like Gecko) Chrome/92.0.4515.131 Safari/537.36" {"metadata":{"emulator":{"name":"hosting"},"message":"127.0.0.1 - - [11/Aug/2021:18:14:58 +0000] \"GET / HTTP/1.1\" 200 710 \"-\" \"Mozilla/5.0 (Windows NT 6.1; Win64; x64) AppleWebKit/537.36 (KHTML, like Gecko) Chrome/92.0.4515.131 Safari/537.36\""}}
[info] i  hosting: 127.0.0.1 - - [11/Aug/2021:18:14:58 +0000] "GET /favicon-32x32.png HTTP/1.1" 200 1695 "http://localhost:5000/" "Mozilla/5.0 (Windows NT 6.1; Win64; x64) AppleWebKit/537.36 (KHTML, like Gecko) Chrome/92.0.4515.131 Safari/537.36" {"metadata":{"emulator":{"name":"hosting"},"message":"127.0.0.1 - - [11/Aug/2021:18:14:58 +0000] \"GET /favicon-32x32.png HTTP/1.1\" 200 1695 \"http://localhost:5000/\" \"Mozilla/5.0 (Windows NT 6.1; Win64; x64) AppleWebKit/537.36 (KHTML, like Gecko) Chrome/92.0.4515.131 Safari/537.36\""}}
[info] i  hosting: 127.0.0.1 - - [11/Aug/2021:18:14:58 +0000] "GET / HTTP/1.1" 200 710 "-" "Mozilla/5.0 (Windows NT 6.1; Win64; x64) AppleWebKit/537.36 (KHTML, like Gecko) Chrome/92.0.4515.131 Safari/537.36" {"metadata":{"emulator":{"name":"hosting"},"message":"127.0.0.1 - - [11/Aug/2021:18:14:58 +0000] \"GET / HTTP/1.1\" 200 710 \"-\" \"Mozilla/5.0 (Windows NT 6.1; Win64; x64) AppleWebKit/537.36 (KHTML, like Gecko) Chrome/92.0.4515.131 Safari/537.36\""}}
[info] i  hosting: 127.0.0.1 - - [11/Aug/2021:18:14:58 +0000] "GET /favicon-32x32.png HTTP/1.1" 200 1695 "http://localhost:5000/" "Mozilla/5.0 (Windows NT 6.1; Win64; x64) AppleWebKit/537.36 (KHTML, like Gecko) Chrome/92.0.4515.131 Safari/537.36" {"metadata":{"emulator":{"name":"hosting"},"message":"127.0.0.1 - - [11/Aug/2021:18:14:58 +0000] \"GET /favicon-32x32.png HTTP/1.1\" 200 1695 \"http://localhost:5000/\" \"Mozilla/5.0 (Windows NT 6.1; Win64; x64) AppleWebKit/537.36 (KHTML, like Gecko) Chrome/92.0.4515.131 Safari/537.36\""}}
[info] i  hosting: 127.0.0.1 - - [11/Aug/2021:18:14:58 +0000] "GET / HTTP/1.1" 200 710 "-" "Mozilla/5.0 (Windows NT 6.1; Win64; x64) AppleWebKit/537.36 (KHTML, like Gecko) Chrome/92.0.4515.131 Safari/537.36" {"metadata":{"emulator":{"name":"hosting"},"message":"127.0.0.1 - - [11/Aug/2021:18:14:58 +0000] \"GET / HTTP/1.1\" 200 710 \"-\" \"Mozilla/5.0 (Windows NT 6.1; Win64; x64) AppleWebKit/537.36 (KHTML, like Gecko) Chrome/92.0.4515.131 Safari/537.36\""}}
[info] i  hosting: 127.0.0.1 - - [11/Aug/2021:18:14:58 +0000] "GET /favicon-32x32.png HTTP/1.1" 200 1695 "http://localhost:5000/" "Mozilla/5.0 (Windows NT 6.1; Win64; x64) AppleWebKit/537.36 (KHTML, like Gecko) Chrome/92.0.4515.131 Safari/537.36" {"metadata":{"emulator":{"name":"hosting"},"message":"127.0.0.1 - - [11/Aug/2021:18:14:58 +0000] \"GET /favicon-32x32.png HTTP/1.1\" 200 1695 \"http://localhost:5000/\" \"Mozilla/5.0 (Windows NT 6.1; Win64; x64) AppleWebKit/537.36 (KHTML, like Gecko) Chrome/92.0.4515.131 Safari/537.36\""}}
[info] i  hosting: 127.0.0.1 - - [11/Aug/2021:18:14:58 +0000] "GET / HTTP/1.1" 200 710 "-" "Mozilla/5.0 (Windows NT 6.1; Win64; x64) AppleWebKit/537.36 (KHTML, like Gecko) Chrome/92.0.4515.131 Safari/537.36" {"metadata":{"emulator":{"name":"hosting"},"message":"127.0.0.1 - - [11/Aug/2021:18:14:58 +0000] \"GET / HTTP/1.1\" 200 710 \"-\" \"Mozilla/5.0 (Windows NT 6.1; Win64; x64) AppleWebKit/537.36 (KHTML, like Gecko) Chrome/92.0.4515.131 Safari/537.36\""}}
[info] i  hosting: 127.0.0.1 - - [11/Aug/2021:18:14:58 +0000] "GET /favicon-32x32.png HTTP/1.1" 200 1695 "http://localhost:5000/" "Mozilla/5.0 (Windows NT 6.1; Win64; x64) AppleWebKit/537.36 (KHTML, like Gecko) Chrome/92.0.4515.131 Safari/537.36" {"metadata":{"emulator":{"name":"hosting"},"message":"127.0.0.1 - - [11/Aug/2021:18:14:58 +0000] \"GET /favicon-32x32.png HTTP/1.1\" 200 1695 \"http://localhost:5000/\" \"Mozilla/5.0 (Windows NT 6.1; Win64; x64) AppleWebKit/537.36 (KHTML, like Gecko) Chrome/92.0.4515.131 Safari/537.36\""}}
[info] Shutting down...
[debug] [2021-08-11T18:15:08.894Z] ----------------------------------------------------------------------
[debug] [2021-08-11T18:15:08.896Z] Command:       C:\Users\jhiansen\DOWNLO~1\firebase-tools-instant-win.exe C:\Users\jhiansen\.cache\firebase\tools\lib\node_modules\firebase-tools\lib\bin\firebase init hosting
[debug] [2021-08-11T18:15:08.896Z] CLI Version:   9.16.0
[debug] [2021-08-11T18:15:08.897Z] Platform:      win32
[debug] [2021-08-11T18:15:08.897Z] Node Version:  v12.18.1
[debug] [2021-08-11T18:15:08.898Z] Time:          Wed Aug 11 2021 14:15:08 GMT-0400 (Eastern Daylight Time)
[debug] [2021-08-11T18:15:08.898Z] ----------------------------------------------------------------------
[debug] 
[debug] [2021-08-11T18:15:08.954Z] Object ".emulators.functions" in "firebase.json" has unknown property: {"additionalProperty":"source"}
[debug] [2021-08-11T18:15:08.958Z] > command requires scopes: ["email","openid","https://www.googleapis.com/auth/cloudplatformprojects.readonly","https://www.googleapis.com/auth/firebase","https://www.googleapis.com/auth/cloud-platform"]
[debug] [2021-08-11T18:15:08.958Z] > authorizing via signed-in user (apiltgh@gmail.com)
[debug] [2021-08-11T18:15:08.960Z] Object ".emulators.functions" in "firebase.json" has unknown property: {"additionalProperty":"source"}
[info] 
     ######## #### ########  ######## ########     ###     ######  ########
     ##        ##  ##     ## ##       ##     ##  ##   ##  ##       ##
     ######    ##  ########  ######   ########  #########  ######  ######
     ##        ##  ##    ##  ##       ##     ## ##     ##       ## ##
     ##       #### ##     ## ######## ########  ##     ##  ######  ########

You're about to initialize a Firebase project in this directory:

  C:\Users\jhiansen\Documents\apil-experiments

Before we get started, keep in mind:

  * You are initializing within an existing Firebase project directory

[info] 
=== Project Setup
[info] 
[info] First, let's associate this project directory with a Firebase project.
[info] You can create multiple project aliases by running firebase use --add, 
[info] but for now we'll just set up a default project.
[info] 
[info] i  .firebaserc already has a default project, using apil-experiments. 
[debug] [2021-08-11T18:15:11.917Z] >>> [apiv2][query] GET https://firebase.googleapis.com/v1beta1/projects/apil-experiments [none]
[debug] [2021-08-11T18:15:12.076Z] <<< [apiv2][status] GET https://firebase.googleapis.com/v1beta1/projects/apil-experiments 200
[debug] [2021-08-11T18:15:12.076Z] <<< [apiv2][body] GET https://firebase.googleapis.com/v1beta1/projects/apil-experiments {"projectId":"apil-experiments","projectNumber":"842257295791","displayName":"apil-experiments","name":"projects/apil-experiments","resources":{"hostingSite":"apil-experiments","storageBucket":"apil-experiments.appspot.com","locationId":"northamerica-northeast1"},"state":"ACTIVE"}
[info] 
=== Hosting Setup
[info] 
[info] Your public directory is the folder (relative to your project directory) that
[info] will contain Hosting assets to be uploaded with firebase deploy. If you
[info] have a build process for your assets, use your build's output directory.
[info] 
